--- Startup times for process: Primary (or UI client) ---

times in msec
 clock   self+sourced   self:  sourced script
 clock   elapsed:              other lines

000.000  000.000: --- NVIM STARTING ---
000.106  000.105: event init
000.200  000.095: early init
000.249  000.049: locale set
000.299  000.050: init first window
000.613  000.314: inits 1
000.617  000.004: window checked
000.618  000.002: parsing arguments
000.957  000.037  000.037: require('vim.shared')
001.019  000.026  000.026: require('vim.inspect')
001.107  000.083  000.083: require('vim._options')
001.109  000.150  000.041: require('vim._editor')
001.109  000.202  000.014: require('vim._init_packages')
001.114  000.294: init lua interpreter
001.996  000.883: nvim_ui_attach
002.210  000.214: nvim_set_client_info
002.211  000.001: --- NVIM STARTED ---

--- Startup times for process: Embedded ---

times in msec
 clock   self+sourced   self:  sourced script
 clock   elapsed:              other lines

000.000  000.000: --- NVIM STARTING ---
000.103  000.103: event init
000.161  000.058: early init
000.194  000.032: locale set
000.218  000.024: init first window
000.440  000.222: inits 1
000.447  000.007: window checked
000.448  000.001: parsing arguments
000.766  000.029  000.029: require('vim.shared')
000.828  000.025  000.025: require('vim.inspect')
000.863  000.029  000.029: require('vim._options')
000.864  000.096  000.042: require('vim._editor')
000.865  000.141  000.015: require('vim._init_packages')
000.865  000.277: init lua interpreter
000.906  000.040: expanding arguments
000.920  000.014: inits 2
001.078  000.158: init highlight
001.079  000.001: waiting for UI
001.137  000.058: done waiting for UI
001.138  000.002: clear screen
001.232  000.014  000.014: require('vim.keymap')
001.721  000.092  000.092: sourcing nvim_exec2()
001.810  000.670  000.565: require('vim._defaults')
001.812  000.003: init default mappings & autocommands
002.119  000.026  000.026: sourcing /usr/share/nvim/runtime/ftplugin.vim
002.157  000.016  000.016: sourcing /usr/share/nvim/runtime/indent.vim
003.494  000.005  000.005: require('vim.F')
003.519  000.863  000.857: require('vim.diagnostic')
004.030  000.325  000.325: require('lazy')
004.137  000.067  000.067: require('kickstart.plugins.debug')
004.178  000.040  000.040: require('kickstart.plugins.lint')
004.207  000.028  000.028: require('kickstart.plugins.neo-tree')
004.224  000.011  000.011: require('ffi')
004.257  000.018  000.018: require('vim.fs')
004.325  000.066  000.066: require('vim.uri')
004.335  000.110  000.026: require('vim.loader')
004.430  000.082  000.082: require('lazy.stats')
004.543  000.100  000.100: require('lazy.core.util')
004.639  000.094  000.094: require('lazy.core.config')
004.790  000.073  000.073: require('lazy.core.handler')
005.006  000.030  000.030: require('lazy.pkg')
005.009  000.115  000.085: require('lazy.core.meta')
005.012  000.221  000.106: require('lazy.core.plugin')
005.017  000.377  000.083: require('lazy.core.loader')
005.188  000.056  000.056: require('lazy.core.fragments')
006.180  000.081  000.081: require('lazy.core.handler.cmd')
006.224  000.042  000.042: require('lazy.core.handler.keys')
006.263  000.036  000.036: require('lazy.core.handler.event')
006.295  000.031  000.031: require('lazy.core.handler.ft')
006.334  000.003  000.003: sourcing nvim_exec2() called at /home/brandon/dotfiles/nvim/.config/nvim/init.lua:0
006.342  000.001  000.001: sourcing nvim_exec2() called at /home/brandon/dotfiles/nvim/.config/nvim/init.lua:0
006.873  000.093  000.093: sourcing nvim_exec2() called at /usr/share/nvim/runtime/filetype.lua:0
006.876  000.145  000.052: sourcing /usr/share/nvim/runtime/filetype.lua
006.878  000.165  000.020: sourcing nvim_exec2() called at /home/brandon/dotfiles/nvim/.config/nvim/init.lua:0
006.974  000.002  000.002: sourcing nvim_exec2() called at /home/brandon/dotfiles/nvim/.config/nvim/init.lua:0
006.979  000.001  000.001: sourcing nvim_exec2() called at /home/brandon/dotfiles/nvim/.config/nvim/init.lua:0
007.774  000.149  000.149: require('rose-pine.config')
007.780  000.798  000.649: require('rose-pine')
008.711  000.096  000.096: require('rose-pine.utilities')
008.828  000.114  000.114: require('rose-pine.palette')
010.077  000.011  000.011: sourcing nvim_exec2() called at /home/brandon/.local/share/nvim/lazy/neovim/colors/rose-pine.lua:0
010.080  001.683  001.463: sourcing /home/brandon/.local/share/nvim/lazy/neovim/colors/rose-pine.lua
010.190  000.002  000.002: sourcing nvim_exec2() called at /home/brandon/dotfiles/nvim/.config/nvim/init.lua:0
010.197  000.001  000.001: sourcing nvim_exec2() called at /home/brandon/dotfiles/nvim/.config/nvim/init.lua:0
010.507  000.041  000.041: require('mason-core.path')
010.664  000.046  000.046: require('mason-core.functional.data')
010.703  000.036  000.036: require('mason-core.functional.function')
010.737  000.031  000.031: require('mason-core.functional.list')
010.798  000.043  000.043: require('mason-core.functional.relation')
010.821  000.020  000.020: require('mason-core.functional.logic')
010.841  000.019  000.019: require('mason-core.functional.number')
010.881  000.038  000.038: require('mason-core.functional.string')
010.916  000.032  000.032: require('mason-core.functional.table')
010.968  000.050  000.050: require('mason-core.functional.type')
010.970  000.419  000.106: require('mason-core.functional')
010.986  000.476  000.058: require('mason-core.platform')
011.056  000.069  000.069: require('mason.settings')
011.059  000.648  000.061: require('mason-core.installer.InstallLocation')
011.252  000.133  000.133: require('mason-core.log')
011.254  000.160  000.027: require('mason-core.EventEmitter')
011.303  000.047  000.047: require('mason-registry.sources')
011.306  000.246  000.039: require('mason-registry')
011.307  001.077  000.183: require('mason')
011.439  000.070  000.070: require('mason.api.command')
011.471  000.003  000.003: sourcing nvim_exec2() called at /home/brandon/dotfiles/nvim/.config/nvim/init.lua:0
011.478  000.001  000.001: sourcing nvim_exec2() called at /home/brandon/dotfiles/nvim/.config/nvim/init.lua:0
011.640  000.040  000.040: sourcing /home/brandon/.local/share/nvim/lazy/mason-tool-installer.nvim/plugin/mason-tool-installer.lua
011.643  000.062  000.021: sourcing nvim_exec2() called at /home/brandon/dotfiles/nvim/.config/nvim/init.lua:0
011.647  000.001  000.001: sourcing nvim_exec2() called at /home/brandon/dotfiles/nvim/.config/nvim/init.lua:0
011.653  000.001  000.001: sourcing nvim_exec2() called at /home/brandon/dotfiles/nvim/.config/nvim/init.lua:0
011.746  000.001  000.001: sourcing nvim_exec2() called at /home/brandon/dotfiles/nvim/.config/nvim/init.lua:0
011.753  000.001  000.001: sourcing nvim_exec2() called at /home/brandon/dotfiles/nvim/.config/nvim/init.lua:0
012.181  000.053  000.053: require('fidget.spinner.patterns')
012.183  000.076  000.023: require('fidget.spinner')
012.209  000.025  000.025: require('fidget.options')
012.213  000.136  000.036: require('fidget.progress.display')
012.284  000.035  000.035: require('fidget.logger')
012.584  000.046  000.046: require('vim.lsp.log')
012.920  000.333  000.333: require('vim.lsp.protocol')
013.084  000.161  000.161: require('vim.lsp.util')
013.195  000.052  000.052: require('vim.lsp.sync')
013.201  000.115  000.063: require('vim.lsp._changetracking')
013.352  000.075  000.075: require('vim.lsp._transport')
013.364  000.161  000.086: require('vim.lsp.rpc')
013.420  001.135  000.319: require('vim.lsp')
013.668  000.111  000.111: require('vim.lsp.completion')
013.715  000.272  000.160: require('vim.lsp.handlers')
013.719  001.505  000.064: require('fidget.progress.lsp')
013.926  000.057  000.057: require('fidget.poll')
013.930  000.120  000.063: require('fidget.notification.model')
013.990  000.060  000.060: require('fidget.notification.window')
014.042  000.050  000.050: require('fidget.notification.view')
014.053  000.294  000.063: require('fidget.notification')
014.055  000.335  000.041: require('fidget.progress.handle')
014.068  002.048  000.072: require('fidget.progress')
014.163  000.094  000.094: require('fidget.commands')
014.225  000.032  000.032: require('fidget.integration.nvim-tree')
014.313  000.087  000.087: require('fidget.integration.xcodebuild-nvim')
014.315  000.150  000.031: require('fidget.integration')
014.320  002.496  000.204: require('fidget')
015.596  000.003  000.003: sourcing nvim_exec2() called at /home/brandon/dotfiles/nvim/.config/nvim/init.lua:0
015.603  000.001  000.001: sourcing nvim_exec2() called at /home/brandon/dotfiles/nvim/.config/nvim/init.lua:0
015.767  000.095  000.095: require('lspconfig.util')
015.808  000.035  000.035: require('vim.version')
016.859  001.223  001.093: sourcing /home/brandon/.local/share/nvim/lazy/nvim-lspconfig/plugin/lspconfig.lua
016.864  001.245  000.023: sourcing nvim_exec2() called at /home/brandon/dotfiles/nvim/.config/nvim/init.lua:0
016.870  000.002  000.002: sourcing nvim_exec2() called at /home/brandon/dotfiles/nvim/.config/nvim/init.lua:0
016.893  000.001  000.001: sourcing nvim_exec2() called at /home/brandon/dotfiles/nvim/.config/nvim/init.lua:0
017.175  000.029  000.029: require('cmp_nvim_lsp.source')
017.178  000.231  000.203: require('cmp_nvim_lsp')
017.351  000.021  000.021: require('mason.version')
017.358  000.065  000.045: require('mason-tool-installer')
017.410  000.019  000.019: require('mason-lspconfig.settings')
017.412  000.047  000.027: require('mason-lspconfig')
017.706  000.003  000.003: sourcing nvim_exec2() called at /home/brandon/dotfiles/nvim/.config/nvim/init.lua:0
017.713  000.001  000.001: sourcing nvim_exec2() called at /home/brandon/dotfiles/nvim/.config/nvim/init.lua:0
017.743  000.195  000.191: require('mason-nvim-dap.mappings.source')
017.782  000.033  000.033: require('mason-core.async')
017.829  000.023  000.023: require('mason-core.async.control')
017.853  000.023  000.023: require('mason-core.result')
017.895  000.018  000.018: require('mason-core.async.uv')
017.898  000.044  000.026: require('mason-core.fs')
017.919  000.135  000.046: require('mason-registry.installer')
017.992  000.021  000.021: require('mason-core.optional')
018.089  000.054  000.054: require('mason-core.process')
018.119  000.029  000.029: require('mason-core.spawn')
018.121  000.106  000.023: require('mason-core.installer.managers.powershell')
018.123  000.130  000.024: require('mason-core.fetch')
018.144  000.020  000.020: require('mason-core.providers')
018.254  000.040  000.040: require('mason-core.purl')
018.259  000.069  000.029: require('mason-core.package.AbstractPackage')
018.504  000.026  000.026: require('mason-core.installer.compiler.expr')
018.508  000.062  000.036: require('mason-core.installer.compiler.link')
018.647  000.027  000.027: require('mason-core.installer.context.InstallContextCwd')
018.678  000.029  000.029: require('mason-core.installer.context.InstallContextFs')
018.704  000.025  000.025: require('mason-core.installer.context.InstallContextSpawn')
018.736  000.031  000.031: require('mason-core.receipt')
018.748  000.171  000.059: require('mason-core.installer.context')
018.749  000.191  000.020: require('mason-core.installer')
018.759  000.227  000.035: require('mason-core.installer.managers.std')
018.761  000.252  000.026: require('mason-core.installer.compiler.schemas')
018.789  000.027  000.027: require('mason-core.installer.compiler.util')
018.800  000.513  000.173: require('mason-core.installer.compiler')
018.847  000.046  000.046: require('mason-core.installer.linker')
018.850  000.590  000.030: require('mason-core.installer.InstallRunner')
018.881  000.031  000.031: require('mason-core.installer.UninstallRunner')
018.888  000.725  000.035: require('mason-core.package')
018.891  000.746  000.021: require('mason-registry.sources.util')
018.899  000.956  000.039: require('mason-registry.sources.github')
021.722  000.028  000.028: require('mason-lspconfig.mappings')
021.726  000.078  000.049: require('mason-lspconfig.features.automatic_enable')
062.734  000.032  000.032: require('mason-lspconfig.notify')
062.752  000.132  000.100: require('mason-lspconfig.api.command')
063.102  000.191  000.191: require('gitsigns')
063.312  000.169  000.169: require('gitsigns.highlight')
063.365  000.046  000.046: require('gitsigns.debug.log')
063.479  000.113  000.113: require('gitsigns.config')
063.815  000.045  000.045: require('gitsigns.debounce')
063.823  000.936  000.372: sourcing /home/brandon/.local/share/nvim/lazy/gitsigns.nvim/plugin/gitsigns.lua
063.826  000.964  000.028: sourcing nvim_exec2() called at /home/brandon/dotfiles/nvim/.config/nvim/init.lua:0
063.832  000.002  000.002: sourcing nvim_exec2() called at /home/brandon/dotfiles/nvim/.config/nvim/init.lua:0
063.839  000.001  000.001: sourcing nvim_exec2() called at /home/brandon/dotfiles/nvim/.config/nvim/init.lua:0
063.998  000.002  000.002: sourcing nvim_exec2() called at /home/brandon/dotfiles/nvim/.config/nvim/init.lua:0
064.007  000.001  000.001: sourcing nvim_exec2() called at /home/brandon/dotfiles/nvim/.config/nvim/init.lua:0
064.659  000.080  000.080: require('nvim-treesitter.utils')
066.990  000.461  000.461: require('vim.treesitter.language')
067.028  000.035  000.035: require('vim.func')
067.075  000.043  000.043: require('vim.func._memoize')
067.099  001.572  001.033: require('vim.treesitter.query')
067.150  000.050  000.050: require('vim.treesitter._range')
067.158  002.095  000.473: require('vim.treesitter.languagetree')
067.161  002.221  000.127: require('vim.treesitter')
067.479  002.818  000.596: require('nvim-treesitter.parsers')
067.599  000.021  000.021: require('nvim-treesitter.compat')
067.652  000.030  000.030: require('nvim-treesitter.ts_utils')
067.656  000.055  000.025: require('nvim-treesitter.tsrange')
067.677  000.020  000.020: require('nvim-treesitter.caching')
067.682  000.131  000.035: require('nvim-treesitter.query')
067.689  000.174  000.043: require('nvim-treesitter.configs')
067.690  000.210  000.036: require('nvim-treesitter.info')
067.724  000.033  000.033: require('nvim-treesitter.shell_command_selectors')
067.735  003.259  000.118: require('nvim-treesitter.install')
067.758  000.022  000.022: require('nvim-treesitter.statusline')
067.791  000.032  000.032: require('nvim-treesitter.query_predicates')
067.793  003.535  000.222: require('nvim-treesitter')
067.830  000.034  000.034: require('vim.iter')
068.190  003.967  000.398: sourcing /home/brandon/.local/share/nvim/lazy/nvim-treesitter/plugin/nvim-treesitter.lua
068.194  003.990  000.023: sourcing nvim_exec2() called at /home/brandon/dotfiles/nvim/.config/nvim/init.lua:0
068.199  000.001  000.001: sourcing nvim_exec2() called at /home/brandon/dotfiles/nvim/.config/nvim/init.lua:0
068.207  000.001  000.001: sourcing nvim_exec2() called at /home/brandon/dotfiles/nvim/.config/nvim/init.lua:0
069.243  000.038  000.038: require('nvim-treesitter.indent')
069.288  000.025  000.025: require('nvim-treesitter.highlight')
069.584  000.204  000.204: sourcing /home/brandon/.local/share/nvim/lazy/vim-sleuth/plugin/sleuth.vim
069.588  000.228  000.024: sourcing nvim_exec2() called at /home/brandon/dotfiles/nvim/.config/nvim/init.lua:0
069.593  000.001  000.001: sourcing nvim_exec2() called at /home/brandon/dotfiles/nvim/.config/nvim/init.lua:0
069.601  000.001  000.001: sourcing nvim_exec2() called at /home/brandon/dotfiles/nvim/.config/nvim/init.lua:0
069.855  000.091  000.091: sourcing /home/brandon/.local/share/nvim/lazy/vim-tmux-navigator/plugin/tmux_navigator.vim
069.859  000.112  000.021: sourcing nvim_exec2() called at /home/brandon/dotfiles/nvim/.config/nvim/init.lua:0
069.863  000.001  000.001: sourcing nvim_exec2() called at /home/brandon/dotfiles/nvim/.config/nvim/init.lua:0
069.869  000.001  000.001: sourcing nvim_exec2() called at /home/brandon/dotfiles/nvim/.config/nvim/init.lua:0
070.006  000.002  000.002: sourcing nvim_exec2() called at /home/brandon/dotfiles/nvim/.config/nvim/init.lua:0
070.012  000.001  000.001: sourcing nvim_exec2() called at /home/brandon/dotfiles/nvim/.config/nvim/init.lua:0
070.218  000.025  000.025: require('osc52.base64')
070.221  000.207  000.182: require('osc52')
070.295  000.002  000.002: sourcing nvim_exec2() called at /home/brandon/dotfiles/nvim/.config/nvim/init.lua:0
070.301  000.001  000.001: sourcing nvim_exec2() called at /home/brandon/dotfiles/nvim/.config/nvim/init.lua:0
070.528  000.224  000.224: require('mini.ai')
070.760  000.087  000.087: require('mini.surround')
070.906  000.056  000.056: require('mini.statusline')
071.028  000.026  000.026: sourcing /usr/share/nvim/runtime/plugin/editorconfig.lua
071.031  000.044  000.018: sourcing nvim_exec2() called at /home/brandon/dotfiles/nvim/.config/nvim/init.lua:0
071.136  000.088  000.088: sourcing /usr/share/nvim/runtime/plugin/gzip.vim
071.138  000.104  000.016: sourcing nvim_exec2() called at /home/brandon/dotfiles/nvim/.config/nvim/init.lua:0
071.182  000.028  000.028: sourcing /usr/share/nvim/runtime/plugin/man.lua
071.185  000.043  000.015: sourcing nvim_exec2() called at /home/brandon/dotfiles/nvim/.config/nvim/init.lua:0
071.540  000.096  000.096: sourcing /usr/share/nvim/runtime/pack/dist/opt/matchit/plugin/matchit.vim
071.568  000.367  000.271: sourcing /usr/share/nvim/runtime/plugin/matchit.vim
071.570  000.382  000.015: sourcing nvim_exec2() called at /home/brandon/dotfiles/nvim/.config/nvim/init.lua:0
071.656  000.067  000.067: sourcing /usr/share/nvim/runtime/plugin/matchparen.vim
071.658  000.083  000.016: sourcing nvim_exec2() called at /home/brandon/dotfiles/nvim/.config/nvim/init.lua:0
072.021  000.118  000.118: sourcing /usr/share/nvim/runtime/pack/dist/opt/netrw/plugin/netrwPlugin.vim
072.030  000.356  000.237: sourcing /usr/share/nvim/runtime/plugin/netrwPlugin.vim
072.032  000.370  000.015: sourcing nvim_exec2() called at /home/brandon/dotfiles/nvim/.config/nvim/init.lua:0
072.081  000.030  000.030: sourcing /usr/share/nvim/runtime/plugin/osc52.lua
072.084  000.048  000.018: sourcing nvim_exec2() called at /home/brandon/dotfiles/nvim/.config/nvim/init.lua:0
072.184  000.082  000.082: sourcing /usr/share/nvim/runtime/plugin/rplugin.vim
072.187  000.100  000.018: sourcing nvim_exec2() called at /home/brandon/dotfiles/nvim/.config/nvim/init.lua:0
072.236  000.029  000.029: sourcing /usr/share/nvim/runtime/plugin/shada.vim
072.238  000.047  000.018: sourcing nvim_exec2() called at /home/brandon/dotfiles/nvim/.config/nvim/init.lua:0
072.267  000.009  000.009: sourcing /usr/share/nvim/runtime/plugin/spellfile.vim
072.269  000.027  000.018: sourcing nvim_exec2() called at /home/brandon/dotfiles/nvim/.config/nvim/init.lua:0
072.355  000.051  000.051: sourcing /usr/share/nvim/runtime/plugin/tarPlugin.vim
072.357  000.070  000.019: sourcing nvim_exec2() called at /home/brandon/dotfiles/nvim/.config/nvim/init.lua:0
072.400  000.024  000.024: sourcing /usr/share/nvim/runtime/plugin/tohtml.lua
072.402  000.042  000.017: sourcing nvim_exec2() called at /home/brandon/dotfiles/nvim/.config/nvim/init.lua:0
072.460  000.012  000.012: sourcing /usr/share/nvim/runtime/plugin/tutor.vim
072.462  000.032  000.019: sourcing nvim_exec2() called at /home/brandon/dotfiles/nvim/.config/nvim/init.lua:0
072.553  000.063  000.063: sourcing /usr/share/nvim/runtime/plugin/zipPlugin.vim
072.556  000.080  000.017: sourcing nvim_exec2() called at /home/brandon/dotfiles/nvim/.config/nvim/init.lua:0
072.690  000.027  000.027: sourcing /home/brandon/.local/share/nvim/lazy/cmp-nvim-lsp/after/plugin/cmp_nvim_lsp.lua
072.694  000.053  000.026: sourcing nvim_exec2() called at /home/brandon/dotfiles/nvim/.config/nvim/init.lua:0
072.718  070.518  051.210: sourcing /home/brandon/.config/nvim/init.lua
072.723  000.351: sourcing vimrc file(s)
072.960  000.022  000.022: sourcing /usr/share/nvim/runtime/filetype.lua
073.109  000.034  000.034: sourcing /usr/share/nvim/runtime/syntax/synload.vim
073.150  000.142  000.108: sourcing /usr/share/nvim/runtime/syntax/syntax.vim
073.157  000.270: inits 3
074.203  001.046: reading ShaDa
074.290  000.087: opening buffers
074.304  000.013: BufEnter autocommands
074.305  000.001: editing files in windows
074.416  000.024  000.024: sourcing /home/brandon/.local/share/nvim/lazy/which-key.nvim/plugin/which-key.lua
074.419  000.057  000.033: sourcing nvim_exec2() called at VimEnter Autocommands for "*":0
074.429  000.002  000.002: sourcing nvim_exec2() called at VimEnter Autocommands for "*":0
074.435  000.001  000.001: sourcing nvim_exec2() called at VimEnter Autocommands for "*":0
074.660  000.202  000.202: require('which-key')
074.702  000.040  000.040: require('which-key.config')
075.011  000.015  000.015: sourcing /home/brandon/.local/share/nvim/lazy/plenary.nvim/plugin/plenary.vim
075.015  000.042  000.027: sourcing nvim_exec2() called at VimEnter Autocommands for "*":0
075.019  000.001  000.001: sourcing nvim_exec2() called at VimEnter Autocommands for "*":0
075.025  000.001  000.001: sourcing nvim_exec2() called at VimEnter Autocommands for "*":0
075.098  000.012  000.012: sourcing /home/brandon/.local/share/nvim/lazy/todo-comments.nvim/plugin/todo.vim
075.101  000.037  000.025: sourcing nvim_exec2() called at VimEnter Autocommands for "*":0
075.110  000.001  000.001: sourcing nvim_exec2() called at VimEnter Autocommands for "*":0
075.116  000.001  000.001: sourcing nvim_exec2() called at VimEnter Autocommands for "*":0
075.383  000.021  000.021: require('todo-comments.util')
075.388  000.058  000.036: require('todo-comments.config')
075.449  000.035  000.035: require('todo-comments.highlight')
075.451  000.063  000.028: require('todo-comments.jump')
075.453  000.308  000.188: require('todo-comments')
075.514  000.005  000.005: sourcing nvim_exec2() called at VimEnter Autocommands for "*":0
075.518  000.002  000.002: sourcing nvim_exec2() called at VimEnter Autocommands for "*":0
075.520  000.001  000.001: sourcing nvim_exec2() called at VimEnter Autocommands for "*":0
075.527  000.002  000.002: sourcing nvim_exec2() called at VimEnter Autocommands for "*":0
075.529  000.001  000.001: sourcing nvim_exec2() called at VimEnter Autocommands for "*":0
075.532  000.001  000.001: sourcing nvim_exec2() called at VimEnter Autocommands for "*":0
075.538  000.002  000.002: sourcing nvim_exec2() called at VimEnter Autocommands for "*":0
075.540  000.001  000.001: sourcing nvim_exec2() called at VimEnter Autocommands for "*":0
075.542  000.001  000.001: sourcing nvim_exec2() called at VimEnter Autocommands for "*":0
075.548  000.001  000.001: sourcing nvim_exec2() called at VimEnter Autocommands for "*":0
075.557  000.008  000.008: sourcing nvim_exec2() called at VimEnter Autocommands for "*":0
075.559  000.001  000.001: sourcing nvim_exec2() called at VimEnter Autocommands for "*":0
075.575  000.002  000.002: sourcing nvim_exec2() called at VimEnter Autocommands for "*":0
075.577  000.001  000.001: sourcing nvim_exec2() called at VimEnter Autocommands for "*":0
075.579  000.001  000.001: sourcing nvim_exec2() called at VimEnter Autocommands for "*":0
075.584  000.001  000.001: sourcing nvim_exec2() called at VimEnter Autocommands for "*":0
075.587  000.001  000.001: sourcing nvim_exec2() called at VimEnter Autocommands for "*":0
075.589  000.001  000.001: sourcing nvim_exec2() called at VimEnter Autocommands for "*":0
075.593  000.001  000.001: sourcing nvim_exec2() called at VimEnter Autocommands for "*":0
075.596  000.001  000.001: sourcing nvim_exec2() called at VimEnter Autocommands for "*":0
075.598  000.001  000.001: sourcing nvim_exec2() called at VimEnter Autocommands for "*":0
075.627  000.010  000.010: sourcing nvim_exec2() called at VimEnter Autocommands for "*":0
075.680  000.043  000.043: require('vim.treesitter.highlighter')
075.911  000.002  000.002: sourcing nvim_exec2() called at VimEnter Autocommands for "*":0
075.918  000.001  000.001: sourcing nvim_exec2() called at VimEnter Autocommands for "*":0
076.107  000.002  000.002: sourcing nvim_exec2() called at VimEnter Autocommands for "*":0
076.113  000.001  000.001: sourcing nvim_exec2() called at VimEnter Autocommands for "*":0
076.331  000.017  000.017: sourcing /home/brandon/.local/share/nvim/lazy/nvim-web-devicons/plugin/nvim-web-devicons.vim
076.334  000.041  000.025: sourcing nvim_exec2() called at VimEnter Autocommands for "*":0
076.338  000.001  000.001: sourcing nvim_exec2() called at VimEnter Autocommands for "*":0
076.344  000.001  000.001: sourcing nvim_exec2() called at VimEnter Autocommands for "*":0
076.487  000.107  000.107: sourcing /home/brandon/.local/share/nvim/lazy/telescope.nvim/plugin/telescope.lua
076.491  000.130  000.023: sourcing nvim_exec2() called at VimEnter Autocommands for "*":0
076.508  000.002  000.002: sourcing nvim_exec2() called at VimEnter Autocommands for "*":0
076.516  000.001  000.001: sourcing nvim_exec2() called at VimEnter Autocommands for "*":0
076.767  000.033  000.033: require('telescope._extensions')
076.770  000.248  000.215: require('telescope')
076.802  000.032  000.032: require('telescope.themes')
076.927  000.021  000.021: require('plenary.bit')
076.947  000.019  000.019: require('plenary.functional')
076.964  000.095  000.054: require('plenary.path')
076.972  000.124  000.029: require('plenary.strings')
077.000  000.028  000.028: require('telescope.deprecated')
077.127  000.065  000.065: require('plenary.log')
077.169  000.131  000.066: require('telescope.log')
077.271  000.020  000.020: require('plenary.compat')
077.275  000.055  000.036: require('plenary.job')
077.308  000.032  000.032: require('telescope.state')
077.316  000.146  000.058: require('telescope.utils')
077.319  000.317  000.040: require('telescope.sorters')
078.321  001.514  001.044: require('telescope.config')
078.951  000.093  000.093: require('fzf_lib')
078.955  000.145  000.052: require('telescope._extensions.fzf')
079.014  000.042  000.042: require('telescope._extensions.ui-select')
079.287  000.025  000.025: require('plenary.tbl')
079.289  000.049  000.024: require('plenary.vararg.rotate')
079.290  000.075  000.026: require('plenary.vararg')
079.312  000.021  000.021: require('plenary.errors')
079.315  000.126  000.030: require('plenary.async.async')
079.432  000.038  000.038: require('plenary.async.structs')
079.437  000.072  000.034: require('plenary.async.control')
079.441  000.101  000.029: require('plenary.async.util')
079.443  000.128  000.027: require('plenary.async.tests')
079.445  000.339  000.085: require('plenary.async')
079.533  000.046  000.046: require('plenary.window.border')
079.562  000.028  000.028: require('plenary.window')
079.585  000.021  000.021: require('plenary.popup.utils')
079.587  000.141  000.046: require('plenary.popup')
079.751  000.080  000.080: require('telescope.pickers.scroller')
079.785  000.033  000.033: require('telescope.actions.state')
079.825  000.039  000.039: require('telescope.actions.utils')
079.907  000.036  000.036: require('telescope.actions.mt')
079.917  000.091  000.055: require('telescope.actions.set')
079.997  000.044  000.044: require('telescope.config.resolve')
079.999  000.082  000.038: require('telescope.pickers.entry_display')
080.034  000.033  000.033: require('telescope.from_entry')
080.151  000.563  000.205: require('telescope.actions')
080.197  000.045  000.045: require('telescope.debounce')
080.278  000.079  000.079: require('telescope.mappings')
080.322  000.043  000.043: require('telescope.pickers.highlights')
080.359  000.036  000.036: require('telescope.pickers.window')
080.443  000.048  000.048: require('telescope.algos.linked_list')
080.446  000.086  000.038: require('telescope.entry_manager')
080.483  000.036  000.036: require('telescope.pickers.multi')
080.493  001.476  000.107: require('telescope.pickers')
080.645  000.112  000.112: require('telescope.make_entry')
080.705  000.058  000.058: require('telescope.finders.async_static_finder')
080.803  000.028  000.028: require('plenary.class')
080.810  000.072  000.044: require('telescope._')
080.812  000.106  000.034: require('telescope.finders.async_oneshot_finder')
080.876  000.064  000.064: require('telescope.finders.async_job_finder')
080.889  000.395  000.055: require('telescope.finders')
080.984  000.087  000.087: require('vim.ui')
081.235  000.236  000.236: require('telescope.builtin')
081.347  001.904: VimEnter autocommands
081.444  000.076  000.076: require('vim.termcap')
081.498  000.042  000.042: require('vim.text')
081.513  000.048: UIEnter autocommands
081.514  000.001: before starting main loop
081.947  000.147  000.147: require('nvim-web-devicons.filetypes')
082.159  000.135  000.135: require('nvim-web-devicons.default.icons_by_filename')
082.350  000.190  000.190: require('nvim-web-devicons.default.icons_by_file_extension')
082.396  000.045  000.045: require('nvim-web-devicons.default.icons_by_operating_system')
082.420  000.023  000.023: require('nvim-web-devicons.default.icons_by_desktop_environment')
082.452  000.025  000.025: require('nvim-web-devicons.default.icons_by_window_manager')
082.453  000.467  000.049: require('nvim-web-devicons.icons-default')
082.608  000.954  000.340: require('nvim-web-devicons')
082.676  000.208: first screen update
082.677  000.001: --- NVIM STARTED ---

